2020-05-20 14:07:54.139 DEBUG font_manager - findfont: findfont: Matching :family=sans-serif:style=normal:variant=normal:weight=normal:stretch=normal:size=24.0 to DejaVu Sans ('C:\\Users\\monsfam2\\AppData\\Local\\ESRI\\conda\\envs\\arcgispro-py3-clone2\\lib\\site-packages\\matplotlib\\mpl-data\\fonts\\ttf\\DejaVuSans.ttf') with score of 0.050000
2020-05-20 14:07:54.143 DEBUG backend_pdf - fontName: Assigning font /b'F1' = 'C:\\Users\\monsfam2\\AppData\\Local\\ESRI\\conda\\envs\\arcgispro-py3-clone2\\lib\\site-packages\\matplotlib\\mpl-data\\fonts\\ttf\\DejaVuSans.ttf'
2020-05-20 14:07:54.292 DEBUG font_manager - findfont: findfont: Matching :family=sans-serif:style=normal:variant=normal:weight=normal:stretch=normal:size=10.0 to DejaVu Sans ('C:\\Users\\monsfam2\\AppData\\Local\\ESRI\\conda\\envs\\arcgispro-py3-clone2\\lib\\site-packages\\matplotlib\\mpl-data\\fonts\\ttf\\DejaVuSans.ttf') with score of 0.050000
2020-05-20 14:07:54.311 DEBUG font_manager - findfont: findfont: Matching :family=sans-serif:style=normal:variant=normal:weight=normal:stretch=normal:size=12.0 to DejaVu Sans ('C:\\Users\\monsfam2\\AppData\\Local\\ESRI\\conda\\envs\\arcgispro-py3-clone2\\lib\\site-packages\\matplotlib\\mpl-data\\fonts\\ttf\\DejaVuSans.ttf') with score of 0.050000
2020-05-20 14:07:55.503 DEBUG font_manager - findfont: findfont: Matching :family=sans-serif:style=normal:variant=normal:weight=normal:stretch=normal:size=9.0 to DejaVu Sans ('C:\\Users\\monsfam2\\AppData\\Local\\ESRI\\conda\\envs\\arcgispro-py3-clone2\\lib\\site-packages\\matplotlib\\mpl-data\\fonts\\ttf\\DejaVuSans.ttf') with score of 0.050000
2020-05-20 14:08:05.843 DEBUG font_manager - findfont: findfont: Matching :family=sans-serif:style=normal:variant=normal:weight=normal:stretch=normal:size=8.0 to DejaVu Sans ('C:\\Users\\monsfam2\\AppData\\Local\\ESRI\\conda\\envs\\arcgispro-py3-clone2\\lib\\site-packages\\matplotlib\\mpl-data\\fonts\\ttf\\DejaVuSans.ttf') with score of 0.050000
2020-05-20 14:08:07.561 DEBUG font_manager - findfont: findfont: Matching :family=sans-serif:style=normal:variant=normal:weight=normal:stretch=normal:size=16.0 to DejaVu Sans ('C:\\Users\\monsfam2\\AppData\\Local\\ESRI\\conda\\envs\\arcgispro-py3-clone2\\lib\\site-packages\\matplotlib\\mpl-data\\fonts\\ttf\\DejaVuSans.ttf') with score of 0.050000
2020-05-20 14:08:08.221 DEBUG backend_pdf - writeFonts: Embedding font C:\Users\monsfam2\AppData\Local\ESRI\conda\envs\arcgispro-py3-clone2\lib\site-packages\matplotlib\mpl-data\fonts\ttf\DejaVuSans.ttf.
2020-05-20 14:08:08.222 DEBUG backend_pdf - writeFonts: Writing TrueType font.
2020-05-20 14:08:10.037 DEBUG backend_pdf - fontName: Assigning font /b'F1' = 'C:\\Users\\monsfam2\\AppData\\Local\\ESRI\\conda\\envs\\arcgispro-py3-clone2\\lib\\site-packages\\matplotlib\\mpl-data\\fonts\\ttf\\DejaVuSans.ttf'
2020-05-20 14:08:10.526 DEBUG font_manager - findfont: findfont: Matching :family=STIXGeneral:style=normal:variant=normal:weight=normal:stretch=normal:size=10.0 to STIXGeneral ('C:\\Users\\monsfam2\\AppData\\Local\\ESRI\\conda\\envs\\arcgispro-py3-clone2\\lib\\site-packages\\matplotlib\\mpl-data\\fonts\\ttf\\STIXGeneral.ttf') with score of 0.050000
2020-05-20 14:08:10.532 DEBUG font_manager - findfont: findfont: Matching :family=STIXGeneral:style=italic:variant=normal:weight=normal:stretch=normal:size=10.0 to STIXGeneral ('C:\\Users\\monsfam2\\AppData\\Local\\ESRI\\conda\\envs\\arcgispro-py3-clone2\\lib\\site-packages\\matplotlib\\mpl-data\\fonts\\ttf\\STIXGeneralItalic.ttf') with score of 0.050000
2020-05-20 14:08:10.533 DEBUG font_manager - findfont: findfont: Matching :family=STIXGeneral:style=normal:variant=normal:weight=bold:stretch=normal:size=10.0 to STIXGeneral ('C:\\Users\\monsfam2\\AppData\\Local\\ESRI\\conda\\envs\\arcgispro-py3-clone2\\lib\\site-packages\\matplotlib\\mpl-data\\fonts\\ttf\\STIXGeneralBol.ttf') with score of 0.000000
2020-05-20 14:08:10.539 DEBUG font_manager - findfont: findfont: Matching :family=STIXNonUnicode:style=normal:variant=normal:weight=normal:stretch=normal:size=10.0 to STIXNonUnicode ('C:\\Users\\monsfam2\\AppData\\Local\\ESRI\\conda\\envs\\arcgispro-py3-clone2\\lib\\site-packages\\matplotlib\\mpl-data\\fonts\\ttf\\STIXNonUni.ttf') with score of 0.050000
2020-05-20 14:08:10.544 DEBUG font_manager - findfont: findfont: Matching :family=STIXNonUnicode:style=italic:variant=normal:weight=normal:stretch=normal:size=10.0 to STIXNonUnicode ('C:\\Users\\monsfam2\\AppData\\Local\\ESRI\\conda\\envs\\arcgispro-py3-clone2\\lib\\site-packages\\matplotlib\\mpl-data\\fonts\\ttf\\STIXNonUniIta.ttf') with score of 0.050000
2020-05-20 14:08:10.545 DEBUG font_manager - findfont: findfont: Matching :family=STIXNonUnicode:style=normal:variant=normal:weight=bold:stretch=normal:size=10.0 to STIXNonUnicode ('C:\\Users\\monsfam2\\AppData\\Local\\ESRI\\conda\\envs\\arcgispro-py3-clone2\\lib\\site-packages\\matplotlib\\mpl-data\\fonts\\ttf\\STIXNonUniBol.ttf') with score of 0.000000
2020-05-20 14:08:10.550 DEBUG font_manager - findfont: findfont: Matching :family=STIXSizeOneSym:style=normal:variant=normal:weight=normal:stretch=normal:size=10.0 to STIXSizeOneSym ('C:\\Users\\monsfam2\\AppData\\Local\\ESRI\\conda\\envs\\arcgispro-py3-clone2\\lib\\site-packages\\matplotlib\\mpl-data\\fonts\\ttf\\STIXSizOneSymReg.ttf') with score of 0.050000
2020-05-20 14:08:10.556 DEBUG font_manager - findfont: findfont: Matching :family=STIXSizeTwoSym:style=normal:variant=normal:weight=normal:stretch=normal:size=10.0 to STIXSizeTwoSym ('C:\\Users\\monsfam2\\AppData\\Local\\ESRI\\conda\\envs\\arcgispro-py3-clone2\\lib\\site-packages\\matplotlib\\mpl-data\\fonts\\ttf\\STIXSizTwoSymReg.ttf') with score of 0.050000
2020-05-20 14:08:10.561 DEBUG font_manager - findfont: findfont: Matching :family=STIXSizeThreeSym:style=normal:variant=normal:weight=normal:stretch=normal:size=10.0 to STIXSizeThreeSym ('C:\\Users\\monsfam2\\AppData\\Local\\ESRI\\conda\\envs\\arcgispro-py3-clone2\\lib\\site-packages\\matplotlib\\mpl-data\\fonts\\ttf\\STIXSizThreeSymReg.ttf') with score of 0.050000
2020-05-20 14:08:10.566 DEBUG font_manager - findfont: findfont: Matching :family=STIXSizeFourSym:style=normal:variant=normal:weight=normal:stretch=normal:size=10.0 to STIXSizeFourSym ('C:\\Users\\monsfam2\\AppData\\Local\\ESRI\\conda\\envs\\arcgispro-py3-clone2\\lib\\site-packages\\matplotlib\\mpl-data\\fonts\\ttf\\STIXSizFourSymReg.ttf') with score of 0.050000
2020-05-20 14:08:10.572 DEBUG font_manager - findfont: findfont: Matching :family=STIXSizeFiveSym:style=normal:variant=normal:weight=normal:stretch=normal:size=10.0 to STIXSizeFiveSym ('C:\\Users\\monsfam2\\AppData\\Local\\ESRI\\conda\\envs\\arcgispro-py3-clone2\\lib\\site-packages\\matplotlib\\mpl-data\\fonts\\ttf\\STIXSizFiveSymReg.ttf') with score of 0.050000
2020-05-20 14:08:10.577 DEBUG font_manager - findfont: findfont: Matching :family=cmsy10:style=normal:variant=normal:weight=normal:stretch=normal:size=10.0 to cmsy10 ('C:\\Users\\monsfam2\\AppData\\Local\\ESRI\\conda\\envs\\arcgispro-py3-clone2\\lib\\site-packages\\matplotlib\\mpl-data\\fonts\\ttf\\cmsy10.ttf') with score of 0.050000
2020-05-20 14:08:10.583 DEBUG font_manager - findfont: findfont: Matching :family=cmr10:style=normal:variant=normal:weight=normal:stretch=normal:size=10.0 to cmr10 ('C:\\Users\\monsfam2\\AppData\\Local\\ESRI\\conda\\envs\\arcgispro-py3-clone2\\lib\\site-packages\\matplotlib\\mpl-data\\fonts\\ttf\\cmr10.ttf') with score of 0.050000
2020-05-20 14:08:10.588 DEBUG font_manager - findfont: findfont: Matching :family=cmtt10:style=normal:variant=normal:weight=normal:stretch=normal:size=10.0 to cmtt10 ('C:\\Users\\monsfam2\\AppData\\Local\\ESRI\\conda\\envs\\arcgispro-py3-clone2\\lib\\site-packages\\matplotlib\\mpl-data\\fonts\\ttf\\cmtt10.ttf') with score of 0.050000
2020-05-20 14:08:10.593 DEBUG font_manager - findfont: findfont: Matching :family=cmmi10:style=normal:variant=normal:weight=normal:stretch=normal:size=10.0 to cmmi10 ('C:\\Users\\monsfam2\\AppData\\Local\\ESRI\\conda\\envs\\arcgispro-py3-clone2\\lib\\site-packages\\matplotlib\\mpl-data\\fonts\\ttf\\cmmi10.ttf') with score of 0.050000
2020-05-20 14:08:10.601 DEBUG font_manager - findfont: findfont: Matching :family=cmb10:style=normal:variant=normal:weight=normal:stretch=normal:size=10.0 to cmb10 ('C:\\Users\\monsfam2\\AppData\\Local\\ESRI\\conda\\envs\\arcgispro-py3-clone2\\lib\\site-packages\\matplotlib\\mpl-data\\fonts\\ttf\\cmb10.ttf') with score of 0.050000
2020-05-20 14:08:10.610 DEBUG font_manager - findfont: findfont: Matching :family=cmss10:style=normal:variant=normal:weight=normal:stretch=normal:size=10.0 to cmss10 ('C:\\Users\\monsfam2\\AppData\\Local\\ESRI\\conda\\envs\\arcgispro-py3-clone2\\lib\\site-packages\\matplotlib\\mpl-data\\fonts\\ttf\\cmss10.ttf') with score of 0.050000
2020-05-20 14:08:10.619 DEBUG font_manager - findfont: findfont: Matching :family=cmex10:style=normal:variant=normal:weight=normal:stretch=normal:size=10.0 to cmex10 ('C:\\Users\\monsfam2\\AppData\\Local\\ESRI\\conda\\envs\\arcgispro-py3-clone2\\lib\\site-packages\\matplotlib\\mpl-data\\fonts\\ttf\\cmex10.ttf') with score of 0.050000
2020-05-20 14:08:10.625 DEBUG font_manager - findfont: findfont: Matching :family=DejaVu Sans:style=normal:variant=normal:weight=normal:stretch=normal:size=10.0 to DejaVu Sans ('C:\\Users\\monsfam2\\AppData\\Local\\ESRI\\conda\\envs\\arcgispro-py3-clone2\\lib\\site-packages\\matplotlib\\mpl-data\\fonts\\ttf\\DejaVuSans.ttf') with score of 0.050000
2020-05-20 14:08:10.630 DEBUG font_manager - findfont: findfont: Matching :family=DejaVu Sans:style=italic:variant=normal:weight=normal:stretch=normal:size=10.0 to DejaVu Sans ('C:\\Users\\monsfam2\\AppData\\Local\\ESRI\\conda\\envs\\arcgispro-py3-clone2\\lib\\site-packages\\matplotlib\\mpl-data\\fonts\\ttf\\DejaVuSans-Oblique.ttf') with score of 0.150000
2020-05-20 14:08:10.631 DEBUG font_manager - findfont: findfont: Matching :family=DejaVu Sans:style=normal:variant=normal:weight=bold:stretch=normal:size=10.0 to DejaVu Sans ('C:\\Users\\monsfam2\\AppData\\Local\\ESRI\\conda\\envs\\arcgispro-py3-clone2\\lib\\site-packages\\matplotlib\\mpl-data\\fonts\\ttf\\DejaVuSans-Bold.ttf') with score of 0.000000
2020-05-20 14:08:10.636 DEBUG font_manager - findfont: findfont: Matching :family=DejaVu Sans Mono:style=normal:variant=normal:weight=normal:stretch=normal:size=10.0 to DejaVu Sans Mono ('C:\\Users\\monsfam2\\AppData\\Local\\ESRI\\conda\\envs\\arcgispro-py3-clone2\\lib\\site-packages\\matplotlib\\mpl-data\\fonts\\ttf\\DejaVuSansMono.ttf') with score of 0.050000
2020-05-20 14:08:10.641 DEBUG font_manager - findfont: findfont: Matching :family=DejaVu Sans Display:style=normal:variant=normal:weight=normal:stretch=normal:size=10.0 to DejaVu Sans Display ('C:\\Users\\monsfam2\\AppData\\Local\\ESRI\\conda\\envs\\arcgispro-py3-clone2\\lib\\site-packages\\matplotlib\\mpl-data\\fonts\\ttf\\DejaVuSansDisplay.ttf') with score of 0.050000
2020-05-20 14:08:10.820 DEBUG backend_pdf - fontName: Assigning font /b'F2' = 'C:\\Users\\monsfam2\\AppData\\Local\\ESRI\\conda\\envs\\arcgispro-py3-clone2\\lib\\site-packages\\matplotlib\\mpl-data\\fonts\\ttf\\DejaVuSans-Oblique.ttf'
2020-05-20 14:08:10.821 DEBUG backend_pdf - fontName: Assigning font /b'F3' = 'C:\\Users\\monsfam2\\AppData\\Local\\ESRI\\conda\\envs\\arcgispro-py3-clone2\\lib\\site-packages\\matplotlib\\mpl-data\\fonts\\ttf\\STIXSizOneSymReg.ttf'
2020-05-20 14:08:10.831 DEBUG backend_pdf - writeFonts: Embedding font C:\Users\monsfam2\AppData\Local\ESRI\conda\envs\arcgispro-py3-clone2\lib\site-packages\matplotlib\mpl-data\fonts\ttf\DejaVuSans-Oblique.ttf.
2020-05-20 14:08:10.831 DEBUG backend_pdf - writeFonts: Writing TrueType font.
2020-05-20 14:08:10.840 DEBUG backend_pdf - writeFonts: Embedding font C:\Users\monsfam2\AppData\Local\ESRI\conda\envs\arcgispro-py3-clone2\lib\site-packages\matplotlib\mpl-data\fonts\ttf\DejaVuSans.ttf.
2020-05-20 14:08:10.841 DEBUG backend_pdf - writeFonts: Writing TrueType font.
2020-05-20 14:08:10.849 DEBUG backend_pdf - writeFonts: Embedding font C:\Users\monsfam2\AppData\Local\ESRI\conda\envs\arcgispro-py3-clone2\lib\site-packages\matplotlib\mpl-data\fonts\ttf\STIXSizOneSymReg.ttf.
2020-05-20 14:08:10.849 DEBUG backend_pdf - writeFonts: Writing TrueType font.
2020-05-20 14:08:13.718 DEBUG backend_pdf - fontName: Assigning font /b'F1' = 'C:\\Users\\monsfam2\\AppData\\Local\\ESRI\\conda\\envs\\arcgispro-py3-clone2\\lib\\site-packages\\matplotlib\\mpl-data\\fonts\\ttf\\DejaVuSans.ttf'
2020-05-20 14:08:13.749 DEBUG backend_pdf - fontName: Assigning font /b'F2' = 'C:\\Users\\monsfam2\\AppData\\Local\\ESRI\\conda\\envs\\arcgispro-py3-clone2\\lib\\site-packages\\matplotlib\\mpl-data\\fonts\\ttf\\DejaVuSans-Oblique.ttf'
2020-05-20 14:08:13.752 DEBUG backend_pdf - writeFonts: Embedding font C:\Users\monsfam2\AppData\Local\ESRI\conda\envs\arcgispro-py3-clone2\lib\site-packages\matplotlib\mpl-data\fonts\ttf\DejaVuSans-Oblique.ttf.
2020-05-20 14:08:13.752 DEBUG backend_pdf - writeFonts: Writing TrueType font.
2020-05-20 14:08:13.759 DEBUG backend_pdf - writeFonts: Embedding font C:\Users\monsfam2\AppData\Local\ESRI\conda\envs\arcgispro-py3-clone2\lib\site-packages\matplotlib\mpl-data\fonts\ttf\DejaVuSans.ttf.
2020-05-20 14:08:13.760 DEBUG backend_pdf - writeFonts: Writing TrueType font.
